{"/home/sascha/Documents/GitHub/wc-finder/src/hooks/useFavorites.ts": {"path":"/home/sascha/Documents/GitHub/wc-finder/src/hooks/useFavorites.ts","statementMap":{"0":{"start":{"line":23,"column":0},"end":{"line":23,"column":16}},"1":{"start":{"line":1,"column":0},"end":{"line":1,"column":57}},"2":{"start":{"line":8,"column":20},"end":{"line":8,"column":34}},"3":{"start":{"line":11,"column":22},"end":{"line":11,"column":39}},"4":{"start":{"line":14,"column":2},"end":{"line":20,"column":3}},"5":{"start":{"line":16,"column":16},"end":{"line":16,"column":73}},"6":{"start":{"line":17,"column":4},"end":{"line":17,"column":23}},"7":{"start":{"line":19,"column":4},"end":{"line":19,"column":16}},"8":{"start":{"line":24,"column":40},"end":{"line":24,"column":72}},"9":{"start":{"line":25,"column":30},"end":{"line":25,"column":45}},"10":{"start":{"line":27,"column":2},"end":{"line":48,"column":9}},"11":{"start":{"line":28,"column":26},"end":{"line":45,"column":5}},"12":{"start":{"line":29,"column":6},"end":{"line":43,"column":7}},"13":{"start":{"line":30,"column":29},"end":{"line":30,"column":52}},"14":{"start":{"line":31,"column":8},"end":{"line":40,"column":9}},"15":{"start":{"line":32,"column":22},"end":{"line":32,"column":61}},"16":{"start":{"line":33,"column":10},"end":{"line":36,"column":11}},"17":{"start":{"line":34,"column":37},"end":{"line":34,"column":52}},"18":{"start":{"line":35,"column":12},"end":{"line":35,"column":44}},"19":{"start":{"line":39,"column":10},"end":{"line":39,"column":49}},"20":{"start":{"line":42,"column":8},"end":{"line":42,"column":47}},"21":{"start":{"line":44,"column":6},"end":{"line":44,"column":22}},"22":{"start":{"line":47,"column":4},"end":{"line":47,"column":20}},"23":{"start":{"line":50,"column":18},"end":{"line":59,"column":8}},"24":{"start":{"line":51,"column":25},"end":{"line":51,"column":48}},"25":{"start":{"line":52,"column":4},"end":{"line":58,"column":5}},"26":{"start":{"line":53,"column":6},"end":{"line":53,"column":72}},"27":{"start":{"line":56,"column":6},"end":{"line":56,"column":28}},"28":{"start":{"line":57,"column":6},"end":{"line":57,"column":49}},"29":{"start":{"line":57,"column":26},"end":{"line":57,"column":47}},"30":{"start":{"line":61,"column":25},"end":{"line":74,"column":null}},"31":{"start":{"line":63,"column":6},"end":{"line":72,"column":9}},"32":{"start":{"line":64,"column":21},"end":{"line":64,"column":34}},"33":{"start":{"line":65,"column":8},"end":{"line":69,"column":9}},"34":{"start":{"line":66,"column":10},"end":{"line":66,"column":26}},"35":{"start":{"line":68,"column":10},"end":{"line":68,"column":23}},"36":{"start":{"line":70,"column":8},"end":{"line":70,"column":22}},"37":{"start":{"line":71,"column":8},"end":{"line":71,"column":20}},"38":{"start":{"line":77,"column":21},"end":{"line":79,"column":null}},"39":{"start":{"line":78,"column":20},"end":{"line":78,"column":39}},"40":{"start":{"line":82,"column":2},"end":{"line":82,"column":61}}},"fnMap":{"0":{"name":"getAsyncStorage","decl":{"start":{"line":13,"column":15},"end":{"line":13,"column":30}},"loc":{"start":{"line":13,"column":30},"end":{"line":21,"column":1}}},"1":{"name":"(anonymous_10)","decl":{"start":{"line":16,"column":16},"end":{"line":16,"column":29}},"loc":{"start":{"line":16,"column":16},"end":{"line":16,"column":73}}},"2":{"name":"useFavorites","decl":{"start":{"line":23,"column":16},"end":{"line":23,"column":28}},"loc":{"start":{"line":23,"column":28},"end":{"line":83,"column":1}}},"3":{"name":"(anonymous_12)","decl":{"start":{"line":27,"column":12},"end":{"line":27,"column":15}},"loc":{"start":{"line":27,"column":17},"end":{"line":48,"column":3}}},"4":{"name":"(anonymous_13)","decl":{"start":{"line":28,"column":26},"end":{"line":28,"column":31}},"loc":{"start":{"line":28,"column":37},"end":{"line":45,"column":5}}},"5":{"name":"(anonymous_14)","decl":{"start":{"line":50,"column":30},"end":{"line":50,"column":35}},"loc":{"start":{"line":50,"column":57},"end":{"line":59,"column":3}}},"6":{"name":"(anonymous_15)","decl":{"start":{"line":57,"column":18},"end":{"line":57,"column":19}},"loc":{"start":{"line":57,"column":26},"end":{"line":57,"column":47}}},"7":{"name":"(anonymous_16)","decl":{"start":{"line":62,"column":4},"end":{"line":62,"column":5}},"loc":{"start":{"line":62,"column":19},"end":{"line":73,"column":5}}},"8":{"name":"(anonymous_17)","decl":{"start":{"line":63,"column":21},"end":{"line":63,"column":22}},"loc":{"start":{"line":63,"column":30},"end":{"line":72,"column":7}}},"9":{"name":"(anonymous_18)","decl":{"start":{"line":78,"column":4},"end":{"line":78,"column":5}},"loc":{"start":{"line":78,"column":20},"end":{"line":78,"column":39}}}},"branchMap":{"0":{"loc":{"start":{"line":31,"column":8},"end":{"line":40,"column":9}},"type":"if","locations":[{"start":{"line":31,"column":8},"end":{"line":40,"column":9}},{"start":{"line":37,"column":15},"end":{"line":40,"column":9}}]},"1":{"loc":{"start":{"line":33,"column":10},"end":{"line":36,"column":11}},"type":"if","locations":[{"start":{"line":33,"column":10},"end":{"line":36,"column":11}},{"start":{},"end":{}}]},"2":{"loc":{"start":{"line":52,"column":4},"end":{"line":58,"column":5}},"type":"if","locations":[{"start":{"line":52,"column":4},"end":{"line":58,"column":5}},{"start":{"line":54,"column":11},"end":{"line":58,"column":5}}]},"3":{"loc":{"start":{"line":65,"column":8},"end":{"line":69,"column":9}},"type":"if","locations":[{"start":{"line":65,"column":8},"end":{"line":69,"column":9}},{"start":{"line":67,"column":15},"end":{"line":69,"column":9}}]}},"s":{"0":0,"1":0,"2":0,"3":0,"4":0,"5":0,"6":0,"7":0,"8":0,"9":0,"10":0,"11":0,"12":0,"13":0,"14":0,"15":0,"16":0,"17":0,"18":0,"19":0,"20":0,"21":0,"22":0,"23":0,"24":0,"25":0,"26":0,"27":0,"28":0,"29":0,"30":0,"31":0,"32":0,"33":0,"34":0,"35":0,"36":0,"37":0,"38":0,"39":0,"40":0},"f":{"0":0,"1":0,"2":0,"3":0,"4":0,"5":0,"6":0,"7":0,"8":0,"9":0},"b":{"0":[0,0],"1":[0,0],"2":[0,0],"3":[0,0]}}
,"/home/sascha/Documents/GitHub/wc-finder/src/hooks/useToilets.ts": {"path":"/home/sascha/Documents/GitHub/wc-finder/src/hooks/useToilets.ts","statementMap":{"0":{"start":{"line":31,"column":0},"end":{"line":31,"column":16}},"1":{"start":{"line":1,"column":0},"end":{"line":1,"column":57}},"2":{"start":{"line":2,"column":0},"end":{"line":2,"column":42}},"3":{"start":{"line":4,"column":0},"end":{"line":4,"column":76}},"4":{"start":{"line":32,"column":32},"end":{"line":32,"column":54}},"5":{"start":{"line":33,"column":32},"end":{"line":33,"column":61}},"6":{"start":{"line":34,"column":42},"end":{"line":37,"column":17}},"7":{"start":{"line":38,"column":46},"end":{"line":41,"column":17}},"8":{"start":{"line":42,"column":44},"end":{"line":47,"column":17}},"9":{"start":{"line":48,"column":32},"end":{"line":48,"column":46}},"10":{"start":{"line":49,"column":28},"end":{"line":49,"column":57}},"11":{"start":{"line":52,"column":29},"end":{"line":61,"column":null}},"12":{"start":{"line":54,"column":6},"end":{"line":59,"column":63}},"13":{"start":{"line":55,"column":21},"end":{"line":58,"column":10}},"14":{"start":{"line":59,"column":24},"end":{"line":59,"column":61}},"15":{"start":{"line":64,"column":22},"end":{"line":77,"column":8}},"16":{"start":{"line":65,"column":4},"end":{"line":65,"column":21}},"17":{"start":{"line":66,"column":4},"end":{"line":66,"column":19}},"18":{"start":{"line":68,"column":20},"end":{"line":68,"column":46}},"19":{"start":{"line":69,"column":4},"end":{"line":69,"column":24}},"20":{"start":{"line":70,"column":4},"end":{"line":70,"column":55}},"21":{"start":{"line":72,"column":4},"end":{"line":74,"column":5}},"22":{"start":{"line":73,"column":6},"end":{"line":73,"column":71}},"23":{"start":{"line":76,"column":4},"end":{"line":76,"column":22}},"24":{"start":{"line":79,"column":23},"end":{"line":107,"column":19}},"25":{"start":{"line":80,"column":4},"end":{"line":106,"column":5}},"26":{"start":{"line":81,"column":25},"end":{"line":81,"column":75}},"27":{"start":{"line":82,"column":6},"end":{"line":88,"column":7}},"28":{"start":{"line":83,"column":8},"end":{"line":85,"column":10}},"29":{"start":{"line":86,"column":8},"end":{"line":86,"column":26}},"30":{"start":{"line":87,"column":8},"end":{"line":87,"column":15}},"31":{"start":{"line":90,"column":23},"end":{"line":92,"column":8}},"32":{"start":{"line":94,"column":21},"end":{"line":97,"column":8}},"33":{"start":{"line":98,"column":6},"end":{"line":98,"column":30}},"34":{"start":{"line":99,"column":6},"end":{"line":99,"column":30}},"35":{"start":{"line":100,"column":6},"end":{"line":100,"column":29}},"36":{"start":{"line":101,"column":6},"end":{"line":101,"column":42}},"37":{"start":{"line":103,"column":6},"end":{"line":103,"column":58}},"38":{"start":{"line":104,"column":6},"end":{"line":104,"column":24}},"39":{"start":{"line":105,"column":6},"end":{"line":105,"column":44}},"40":{"start":{"line":109,"column":2},"end":{"line":111,"column":21}},"41":{"start":{"line":110,"column":4},"end":{"line":110,"column":19}},"42":{"start":{"line":113,"column":18},"end":{"line":121,"column":63}},"43":{"start":{"line":114,"column":4},"end":{"line":120,"column":5}},"44":{"start":{"line":115,"column":6},"end":{"line":115,"column":58}},"45":{"start":{"line":116,"column":11},"end":{"line":120,"column":5}},"46":{"start":{"line":117,"column":6},"end":{"line":117,"column":54}},"47":{"start":{"line":119,"column":6},"end":{"line":119,"column":21}},"48":{"start":{"line":125,"column":19},"end":{"line":131,"column":null}},"49":{"start":{"line":127,"column":6},"end":{"line":127,"column":38}},"50":{"start":{"line":128,"column":6},"end":{"line":128,"column":29}},"51":{"start":{"line":129,"column":6},"end":{"line":129,"column":28}},"52":{"start":{"line":136,"column":20},"end":{"line":168,"column":null}},"53":{"start":{"line":138,"column":6},"end":{"line":138,"column":23}},"54":{"start":{"line":139,"column":6},"end":{"line":139,"column":21}},"55":{"start":{"line":140,"column":6},"end":{"line":140,"column":57}},"56":{"start":{"line":143,"column":22},"end":{"line":147,"column":null}},"57":{"start":{"line":152,"column":29},"end":{"line":152,"column":57}},"58":{"start":{"line":153,"column":28},"end":{"line":156,"column":null}},"59":{"start":{"line":159,"column":6},"end":{"line":159,"column":32}},"60":{"start":{"line":160,"column":6},"end":{"line":160,"column":69}},"61":{"start":{"line":162,"column":6},"end":{"line":164,"column":7}},"62":{"start":{"line":163,"column":8},"end":{"line":163,"column":64}},"63":{"start":{"line":166,"column":6},"end":{"line":166,"column":24}},"64":{"start":{"line":171,"column":23},"end":{"line":178,"column":49}},"65":{"start":{"line":172,"column":4},"end":{"line":172,"column":27}},"66":{"start":{"line":173,"column":4},"end":{"line":177,"column":5}},"67":{"start":{"line":174,"column":6},"end":{"line":174,"column":58}},"68":{"start":{"line":175,"column":11},"end":{"line":177,"column":5}},"69":{"start":{"line":176,"column":6},"end":{"line":176,"column":54}},"70":{"start":{"line":180,"column":27},"end":{"line":186,"column":33}},"71":{"start":{"line":181,"column":4},"end":{"line":181,"column":28}},"72":{"start":{"line":182,"column":4},"end":{"line":182,"column":27}},"73":{"start":{"line":183,"column":4},"end":{"line":185,"column":5}},"74":{"start":{"line":184,"column":6},"end":{"line":184,"column":54}},"75":{"start":{"line":188,"column":2},"end":{"line":201,"column":4}},"76":{"start":{"line":211,"column":12},"end":{"line":211,"column":19}},"77":{"start":{"line":212,"column":15},"end":{"line":212,"column":46}},"78":{"start":{"line":213,"column":15},"end":{"line":213,"column":46}},"79":{"start":{"line":215,"column":4},"end":{"line":219,"column":24}},"80":{"start":{"line":220,"column":12},"end":{"line":220,"column":58}},"81":{"start":{"line":221,"column":2},"end":{"line":221,"column":15}}},"fnMap":{"0":{"name":"useToilets","decl":{"start":{"line":31,"column":16},"end":{"line":31,"column":26}},"loc":{"start":{"line":31,"column":26},"end":{"line":202,"column":1}}},"1":{"name":"(anonymous_10)","decl":{"start":{"line":53,"column":4},"end":{"line":53,"column":5}},"loc":{"start":{"line":53,"column":73},"end":{"line":60,"column":5}}},"2":{"name":"(anonymous_11)","decl":{"start":{"line":55,"column":13},"end":{"line":55,"column":14}},"loc":{"start":{"line":55,"column":21},"end":{"line":58,"column":10}}},"3":{"name":"(anonymous_12)","decl":{"start":{"line":59,"column":14},"end":{"line":59,"column":15}},"loc":{"start":{"line":59,"column":24},"end":{"line":59,"column":61}}},"4":{"name":"(anonymous_13)","decl":{"start":{"line":64,"column":34},"end":{"line":64,"column":35}},"loc":{"start":{"line":64,"column":63},"end":{"line":77,"column":3}}},"5":{"name":"(anonymous_14)","decl":{"start":{"line":79,"column":35},"end":{"line":79,"column":40}},"loc":{"start":{"line":79,"column":46},"end":{"line":107,"column":3}}},"6":{"name":"(anonymous_15)","decl":{"start":{"line":109,"column":12},"end":{"line":109,"column":15}},"loc":{"start":{"line":109,"column":17},"end":{"line":111,"column":3}}},"7":{"name":"(anonymous_16)","decl":{"start":{"line":113,"column":30},"end":{"line":113,"column":33}},"loc":{"start":{"line":113,"column":35},"end":{"line":121,"column":3}}},"8":{"name":"(anonymous_17)","decl":{"start":{"line":126,"column":4},"end":{"line":126,"column":5}},"loc":{"start":{"line":126,"column":33},"end":{"line":130,"column":5}}},"9":{"name":"(anonymous_18)","decl":{"start":{"line":137,"column":4},"end":{"line":137,"column":5}},"loc":{"start":{"line":137,"column":69},"end":{"line":167,"column":5}}},"10":{"name":"(anonymous_19)","decl":{"start":{"line":171,"column":35},"end":{"line":171,"column":38}},"loc":{"start":{"line":171,"column":40},"end":{"line":178,"column":3}}},"11":{"name":"(anonymous_20)","decl":{"start":{"line":180,"column":39},"end":{"line":180,"column":42}},"loc":{"start":{"line":180,"column":44},"end":{"line":186,"column":3}}},"12":{"name":"getDistanceMeters","decl":{"start":{"line":205,"column":9},"end":{"line":205,"column":26}},"loc":{"start":{"line":209,"column":14},"end":{"line":222,"column":1}}}},"branchMap":{"0":{"loc":{"start":{"line":59,"column":25},"end":{"line":59,"column":40}},"type":"binary-expr","locations":[{"start":{"line":59,"column":25},"end":{"line":59,"column":35}},{"start":{"line":59,"column":39},"end":{"line":59,"column":40}}]},"1":{"loc":{"start":{"line":59,"column":45},"end":{"line":59,"column":60}},"type":"binary-expr","locations":[{"start":{"line":59,"column":45},"end":{"line":59,"column":55}},{"start":{"line":59,"column":59},"end":{"line":59,"column":60}}]},"2":{"loc":{"start":{"line":70,"column":15},"end":{"line":70,"column":53}},"type":"cond-expr","locations":[{"start":{"line":70,"column":36},"end":{"line":70,"column":46}},{"start":{"line":70,"column":49},"end":{"line":70,"column":53}}]},"3":{"loc":{"start":{"line":72,"column":4},"end":{"line":74,"column":5}},"type":"if","locations":[{"start":{"line":72,"column":4},"end":{"line":74,"column":5}},{"start":{},"end":{}}]},"4":{"loc":{"start":{"line":82,"column":6},"end":{"line":88,"column":7}},"type":"if","locations":[{"start":{"line":82,"column":6},"end":{"line":88,"column":7}},{"start":{},"end":{}}]},"5":{"loc":{"start":{"line":114,"column":4},"end":{"line":120,"column":5}},"type":"if","locations":[{"start":{"line":114,"column":4},"end":{"line":120,"column":5}},{"start":{"line":116,"column":11},"end":{"line":120,"column":5}}]},"6":{"loc":{"start":{"line":116,"column":11},"end":{"line":120,"column":5}},"type":"if","locations":[{"start":{"line":116,"column":11},"end":{"line":120,"column":5}},{"start":{"line":118,"column":11},"end":{"line":120,"column":5}}]},"7":{"loc":{"start":{"line":152,"column":29},"end":{"line":152,"column":57}},"type":"binary-expr","locations":[{"start":{"line":152,"column":29},"end":{"line":152,"column":41}},{"start":{"line":152,"column":45},"end":{"line":152,"column":57}}]},"8":{"loc":{"start":{"line":160,"column":17},"end":{"line":160,"column":67}},"type":"cond-expr","locations":[{"start":{"line":160,"column":44},"end":{"line":160,"column":60}},{"start":{"line":160,"column":63},"end":{"line":160,"column":67}}]},"9":{"loc":{"start":{"line":162,"column":6},"end":{"line":164,"column":7}},"type":"if","locations":[{"start":{"line":162,"column":6},"end":{"line":164,"column":7}},{"start":{},"end":{}}]},"10":{"loc":{"start":{"line":173,"column":4},"end":{"line":177,"column":5}},"type":"if","locations":[{"start":{"line":173,"column":4},"end":{"line":177,"column":5}},{"start":{"line":175,"column":11},"end":{"line":177,"column":5}}]},"11":{"loc":{"start":{"line":175,"column":11},"end":{"line":177,"column":5}},"type":"if","locations":[{"start":{"line":175,"column":11},"end":{"line":177,"column":5}},{"start":{},"end":{}}]},"12":{"loc":{"start":{"line":183,"column":4},"end":{"line":185,"column":5}},"type":"if","locations":[{"start":{"line":183,"column":4},"end":{"line":185,"column":5}},{"start":{},"end":{}}]}},"s":{"0":0,"1":0,"2":0,"3":0,"4":0,"5":0,"6":0,"7":0,"8":0,"9":0,"10":0,"11":0,"12":0,"13":0,"14":0,"15":0,"16":0,"17":0,"18":0,"19":0,"20":0,"21":0,"22":0,"23":0,"24":0,"25":0,"26":0,"27":0,"28":0,"29":0,"30":0,"31":0,"32":0,"33":0,"34":0,"35":0,"36":0,"37":0,"38":0,"39":0,"40":0,"41":0,"42":0,"43":0,"44":0,"45":0,"46":0,"47":0,"48":0,"49":0,"50":0,"51":0,"52":0,"53":0,"54":0,"55":0,"56":0,"57":0,"58":0,"59":0,"60":0,"61":0,"62":0,"63":0,"64":0,"65":0,"66":0,"67":0,"68":0,"69":0,"70":0,"71":0,"72":0,"73":0,"74":0,"75":0,"76":0,"77":0,"78":0,"79":0,"80":0,"81":0},"f":{"0":0,"1":0,"2":0,"3":0,"4":0,"5":0,"6":0,"7":0,"8":0,"9":0,"10":0,"11":0,"12":0},"b":{"0":[0,0],"1":[0,0],"2":[0,0],"3":[0,0],"4":[0,0],"5":[0,0],"6":[0,0],"7":[0,0],"8":[0,0],"9":[0,0],"10":[0,0],"11":[0,0],"12":[0,0]}}
,"/home/sascha/Documents/GitHub/wc-finder/src/services/overpass.ts": {"path":"/home/sascha/Documents/GitHub/wc-finder/src/services/overpass.ts","statementMap":{"0":{"start":{"line":8,"column":0},"end":{"line":8,"column":16}},"1":{"start":{"line":29,"column":0},"end":{"line":29,"column":16}},"2":{"start":{"line":58,"column":0},"end":{"line":58,"column":16}},"3":{"start":{"line":80,"column":0},"end":{"line":80,"column":16}},"4":{"start":{"line":2,"column":0},"end":{"line":2,"column":53}},"5":{"start":{"line":13,"column":14},"end":{"line":13,"column":39}},"6":{"start":{"line":15,"column":2},"end":{"line":22,"column":26}},"7":{"start":{"line":16,"column":17},"end":{"line":20,"column":6}},"8":{"start":{"line":21,"column":20},"end":{"line":21,"column":57}},"9":{"start":{"line":37,"column":20},"end":{"line":37,"column":41}},"10":{"start":{"line":38,"column":20},"end":{"line":38,"column":41}},"11":{"start":{"line":39,"column":14},"end":{"line":39,"column":51}},"12":{"start":{"line":41,"column":2},"end":{"line":52,"column":8}},"13":{"start":{"line":44,"column":8},"end":{"line":47,"column":23}},"14":{"start":{"line":49,"column":17},"end":{"line":52,"column":6}},"15":{"start":{"line":64,"column":12},"end":{"line":64,"column":19}},"16":{"start":{"line":65,"column":15},"end":{"line":65,"column":46}},"17":{"start":{"line":66,"column":15},"end":{"line":66,"column":46}},"18":{"start":{"line":68,"column":4},"end":{"line":72,"column":24}},"19":{"start":{"line":73,"column":12},"end":{"line":73,"column":58}},"20":{"start":{"line":74,"column":2},"end":{"line":74,"column":15}},"21":{"start":{"line":81,"column":2},"end":{"line":83,"column":3}},"22":{"start":{"line":82,"column":4},"end":{"line":82,"column":37}},"23":{"start":{"line":84,"column":2},"end":{"line":84,"column":44}}},"fnMap":{"0":{"name":"getNearbyToilets","decl":{"start":{"line":8,"column":16},"end":{"line":8,"column":32}},"loc":{"start":{"line":11,"column":26},"end":{"line":23,"column":1}}},"1":{"name":"(anonymous_1)","decl":{"start":{"line":16,"column":9},"end":{"line":16,"column":10}},"loc":{"start":{"line":16,"column":17},"end":{"line":20,"column":6}}},"2":{"name":"(anonymous_2)","decl":{"start":{"line":21,"column":10},"end":{"line":21,"column":11}},"loc":{"start":{"line":21,"column":20},"end":{"line":21,"column":57}}},"3":{"name":"getToiletsInBounds","decl":{"start":{"line":29,"column":16},"end":{"line":29,"column":34}},"loc":{"start":{"line":33,"column":16},"end":{"line":53,"column":1}}},"4":{"name":"(anonymous_4)","decl":{"start":{"line":43,"column":6},"end":{"line":43,"column":7}},"loc":{"start":{"line":44,"column":8},"end":{"line":47,"column":23}}},"5":{"name":"(anonymous_5)","decl":{"start":{"line":49,"column":9},"end":{"line":49,"column":10}},"loc":{"start":{"line":49,"column":17},"end":{"line":52,"column":6}}},"6":{"name":"getDistanceMeters","decl":{"start":{"line":58,"column":16},"end":{"line":58,"column":33}},"loc":{"start":{"line":62,"column":14},"end":{"line":75,"column":1}}},"7":{"name":"formatDistance","decl":{"start":{"line":80,"column":16},"end":{"line":80,"column":30}},"loc":{"start":{"line":80,"column":45},"end":{"line":85,"column":1}}}},"branchMap":{"0":{"loc":{"start":{"line":11,"column":2},"end":{"line":11,"column":26}},"type":"default-arg","locations":[{"start":{"line":11,"column":23},"end":{"line":11,"column":26}}]},"1":{"loc":{"start":{"line":21,"column":21},"end":{"line":21,"column":36}},"type":"binary-expr","locations":[{"start":{"line":21,"column":21},"end":{"line":21,"column":31}},{"start":{"line":21,"column":35},"end":{"line":21,"column":36}}]},"2":{"loc":{"start":{"line":21,"column":41},"end":{"line":21,"column":56}},"type":"binary-expr","locations":[{"start":{"line":21,"column":41},"end":{"line":21,"column":51}},{"start":{"line":21,"column":55},"end":{"line":21,"column":56}}]},"3":{"loc":{"start":{"line":44,"column":8},"end":{"line":47,"column":23}},"type":"binary-expr","locations":[{"start":{"line":44,"column":8},"end":{"line":44,"column":23}},{"start":{"line":45,"column":8},"end":{"line":45,"column":23}},{"start":{"line":46,"column":8},"end":{"line":46,"column":23}},{"start":{"line":47,"column":8},"end":{"line":47,"column":23}}]},"4":{"loc":{"start":{"line":81,"column":2},"end":{"line":83,"column":3}},"type":"if","locations":[{"start":{"line":81,"column":2},"end":{"line":83,"column":3}},{"start":{},"end":{}}]}},"s":{"0":1,"1":1,"2":1,"3":1,"4":1,"5":0,"6":0,"7":0,"8":0,"9":0,"10":0,"11":0,"12":0,"13":0,"14":0,"15":2,"16":2,"17":2,"18":2,"19":2,"20":2,"21":9,"22":3,"23":6},"f":{"0":0,"1":0,"2":0,"3":0,"4":0,"5":0,"6":2,"7":9},"b":{"0":[0],"1":[0,0],"2":[0,0],"3":[0,0,0,0],"4":[3,6]}}
,"/home/sascha/Documents/GitHub/wc-finder/src/services/report.ts": {"path":"/home/sascha/Documents/GitHub/wc-finder/src/services/report.ts","statementMap":{"0":{"start":{"line":87,"column":0},"end":{"line":87,"column":16}},"1":{"start":{"line":1,"column":0},"end":{"line":1,"column":39}},"2":{"start":{"line":4,"column":13},"end":{"line":4,"column":33}},"3":{"start":{"line":5,"column":18},"end":{"line":5,"column":57}},"4":{"start":{"line":9,"column":43},"end":{"line":14,"column":2}},"5":{"start":{"line":16,"column":92},"end":{"line":66,"column":2}},"6":{"start":{"line":17,"column":17},"end":{"line":25,"column":4}},"7":{"start":{"line":26,"column":18},"end":{"line":34,"column":4}},"8":{"start":{"line":35,"column":14},"end":{"line":56,"column":4}},"9":{"start":{"line":57,"column":16},"end":{"line":65,"column":4}},"10":{"start":{"line":69,"column":2},"end":{"line":69,"column":34}},"11":{"start":{"line":69,"column":10},"end":{"line":69,"column":34}},"12":{"start":{"line":71,"column":16},"end":{"line":82,"column":4}},"13":{"start":{"line":84,"column":2},"end":{"line":84,"column":50}},"14":{"start":{"line":84,"column":29},"end":{"line":84,"column":37}},"15":{"start":{"line":88,"column":26},"end":{"line":88,"column":49}},"16":{"start":{"line":89,"column":16},"end":{"line":89,"column":28}},"17":{"start":{"line":91,"column":17},"end":{"line":95,"column":4}},"18":{"start":{"line":97,"column":2},"end":{"line":97,"column":55}}},"fnMap":{"0":{"name":"(anonymous_0)","decl":{"start":{"line":17,"column":9},"end":{"line":17,"column":10}},"loc":{"start":{"line":17,"column":17},"end":{"line":25,"column":4}}},"1":{"name":"(anonymous_1)","decl":{"start":{"line":26,"column":10},"end":{"line":26,"column":11}},"loc":{"start":{"line":26,"column":18},"end":{"line":34,"column":4}}},"2":{"name":"(anonymous_2)","decl":{"start":{"line":35,"column":7},"end":{"line":35,"column":10}},"loc":{"start":{"line":35,"column":14},"end":{"line":56,"column":4}}},"3":{"name":"(anonymous_3)","decl":{"start":{"line":57,"column":8},"end":{"line":57,"column":9}},"loc":{"start":{"line":57,"column":16},"end":{"line":65,"column":4}}},"4":{"name":"buildBody","decl":{"start":{"line":68,"column":9},"end":{"line":68,"column":18}},"loc":{"start":{"line":68,"column":57},"end":{"line":85,"column":1}}},"5":{"name":"(anonymous_5)","decl":{"start":{"line":84,"column":22},"end":{"line":84,"column":23}},"loc":{"start":{"line":84,"column":29},"end":{"line":84,"column":37}}},"6":{"name":"openReport","decl":{"start":{"line":87,"column":16},"end":{"line":87,"column":26}},"loc":{"start":{"line":87,"column":60},"end":{"line":98,"column":1}}}},"branchMap":{"0":{"loc":{"start":{"line":18,"column":26},"end":{"line":18,"column":47}},"type":"binary-expr","locations":[{"start":{"line":18,"column":26},"end":{"line":18,"column":33}},{"start":{"line":18,"column":37},"end":{"line":18,"column":47}}]},"1":{"loc":{"start":{"line":18,"column":53},"end":{"line":18,"column":75}},"type":"binary-expr","locations":[{"start":{"line":18,"column":53},"end":{"line":18,"column":60}},{"start":{"line":18,"column":64},"end":{"line":18,"column":75}}]},"2":{"loc":{"start":{"line":27,"column":28},"end":{"line":27,"column":49}},"type":"binary-expr","locations":[{"start":{"line":27,"column":28},"end":{"line":27,"column":35}},{"start":{"line":27,"column":39},"end":{"line":27,"column":49}}]},"3":{"loc":{"start":{"line":27,"column":55},"end":{"line":27,"column":77}},"type":"binary-expr","locations":[{"start":{"line":27,"column":55},"end":{"line":27,"column":62}},{"start":{"line":27,"column":66},"end":{"line":27,"column":77}}]},"4":{"loc":{"start":{"line":58,"column":21},"end":{"line":58,"column":42}},"type":"binary-expr","locations":[{"start":{"line":58,"column":21},"end":{"line":58,"column":28}},{"start":{"line":58,"column":32},"end":{"line":58,"column":42}}]},"5":{"loc":{"start":{"line":58,"column":48},"end":{"line":58,"column":70}},"type":"binary-expr","locations":[{"start":{"line":58,"column":48},"end":{"line":58,"column":55}},{"start":{"line":58,"column":59},"end":{"line":58,"column":70}}]},"6":{"loc":{"start":{"line":69,"column":2},"end":{"line":69,"column":34}},"type":"if","locations":[{"start":{"line":69,"column":2},"end":{"line":69,"column":34}},{"start":{},"end":{}}]},"7":{"loc":{"start":{"line":74,"column":20},"end":{"line":74,"column":33}},"type":"binary-expr","locations":[{"start":{"line":74,"column":20},"end":{"line":74,"column":26}},{"start":{"line":74,"column":30},"end":{"line":74,"column":33}}]},"8":{"loc":{"start":{"line":78,"column":4},"end":{"line":78,"column":69}},"type":"cond-expr","locations":[{"start":{"line":78,"column":22},"end":{"line":78,"column":64}},{"start":{"line":78,"column":67},"end":{"line":78,"column":69}}]},"9":{"loc":{"start":{"line":79,"column":4},"end":{"line":79,"column":54}},"type":"cond-expr","locations":[{"start":{"line":79,"column":17},"end":{"line":79,"column":49}},{"start":{"line":79,"column":52},"end":{"line":79,"column":54}}]}},"s":{"0":0,"1":0,"2":0,"3":0,"4":0,"5":0,"6":0,"7":0,"8":0,"9":0,"10":0,"11":0,"12":0,"13":0,"14":0,"15":0,"16":0,"17":0,"18":0},"f":{"0":0,"1":0,"2":0,"3":0,"4":0,"5":0,"6":0},"b":{"0":[0,0],"1":[0,0],"2":[0,0],"3":[0,0],"4":[0,0],"5":[0,0],"6":[0,0],"7":[0,0],"8":[0,0],"9":[0,0]}}
,"/home/sascha/Documents/GitHub/wc-finder/src/types/toilet.ts": {"path":"/home/sascha/Documents/GitHub/wc-finder/src/types/toilet.ts","statementMap":{"0":{"start":{"line":17,"column":13},"end":{"line":22,"column":2}},"1":{"start":{"line":25,"column":13},"end":{"line":30,"column":2}},"2":{"start":{"line":33,"column":13},"end":{"line":37,"column":2}}},"fnMap":{},"branchMap":{},"s":{"0":1,"1":1,"2":1},"f":{},"b":{}}
,"/home/sascha/Documents/GitHub/wc-finder/src/utils/opening-hours.ts": {"path":"/home/sascha/Documents/GitHub/wc-finder/src/utils/opening-hours.ts","statementMap":{"0":{"start":{"line":44,"column":0},"end":{"line":44,"column":16}},"1":{"start":{"line":5,"column":41},"end":{"line":18,"column":4}},"2":{"start":{"line":19,"column":2},"end":{"line":19,"column":48}},"3":{"start":{"line":27,"column":16},"end":{"line":27,"column":38}},"4":{"start":{"line":28,"column":14},"end":{"line":28,"column":34}},"5":{"start":{"line":29,"column":2},"end":{"line":29,"column":50}},"6":{"start":{"line":29,"column":38},"end":{"line":29,"column":50}},"7":{"start":{"line":31,"column":23},"end":{"line":31,"column":44}},"8":{"start":{"line":33,"column":2},"end":{"line":37,"column":3}},"9":{"start":{"line":34,"column":4},"end":{"line":34,"column":56}},"10":{"start":{"line":36,"column":4},"end":{"line":36,"column":56}},"11":{"start":{"line":45,"column":2},"end":{"line":45,"column":34}},"12":{"start":{"line":45,"column":22},"end":{"line":45,"column":34}},"13":{"start":{"line":48,"column":2},"end":{"line":48,"column":44}},"14":{"start":{"line":48,"column":32},"end":{"line":48,"column":44}},"15":{"start":{"line":50,"column":14},"end":{"line":50,"column":24}},"16":{"start":{"line":51,"column":21},"end":{"line":51,"column":33}},"17":{"start":{"line":52,"column":22},"end":{"line":52,"column":60}},"18":{"start":{"line":55,"column":41},"end":{"line":63,"column":4}},"19":{"start":{"line":64,"column":25},"end":{"line":64,"column":43}},"20":{"start":{"line":65,"column":20},"end":{"line":65,"column":56}},"21":{"start":{"line":66,"column":20},"end":{"line":66,"column":30}},"22":{"start":{"line":69,"column":24},"end":{"line":70,"column":null}},"23":{"start":{"line":72,"column":2},"end":{"line":89,"column":3}},"24":{"start":{"line":73,"column":23},"end":{"line":73,"column":53}},"25":{"start":{"line":74,"column":21},"end":{"line":74,"column":51}},"26":{"start":{"line":76,"column":4},"end":{"line":78,"column":5}},"27":{"start":{"line":77,"column":6},"end":{"line":77,"column":19}},"28":{"start":{"line":81,"column":22},"end":{"line":81,"column":52}},"29":{"start":{"line":82,"column":21},"end":{"line":82,"column":51}},"30":{"start":{"line":83,"column":20},"end":{"line":83,"column":50}},"31":{"start":{"line":84,"column":19},"end":{"line":84,"column":49}},"32":{"start":{"line":86,"column":22},"end":{"line":86,"column":47}},"33":{"start":{"line":87,"column":20},"end":{"line":87,"column":41}},"34":{"start":{"line":88,"column":4},"end":{"line":88,"column":62}},"35":{"start":{"line":92,"column":20},"end":{"line":93,"column":null}},"36":{"start":{"line":95,"column":2},"end":{"line":130,"column":3}},"37":{"start":{"line":96,"column":22},"end":{"line":96,"column":48}},"38":{"start":{"line":97,"column":21},"end":{"line":97,"column":47}},"39":{"start":{"line":98,"column":20},"end":{"line":98,"column":46}},"40":{"start":{"line":99,"column":19},"end":{"line":99,"column":45}},"41":{"start":{"line":102,"column":22},"end":{"line":102,"column":49}},"42":{"start":{"line":104,"column":6},"end":{"line":117,"column":41}},"43":{"start":{"line":119,"column":4},"end":{"line":119,"column":36}},"44":{"start":{"line":119,"column":23},"end":{"line":119,"column":36}},"45":{"start":{"line":121,"column":22},"end":{"line":121,"column":47}},"46":{"start":{"line":122,"column":20},"end":{"line":122,"column":41}},"47":{"start":{"line":125,"column":4},"end":{"line":127,"column":5}},"48":{"start":{"line":126,"column":6},"end":{"line":126,"column":64}},"49":{"start":{"line":129,"column":4},"end":{"line":129,"column":62}},"50":{"start":{"line":133,"column":2},"end":{"line":133,"column":14}}},"fnMap":{"0":{"name":"parseMonth","decl":{"start":{"line":4,"column":9},"end":{"line":4,"column":19}},"loc":{"start":{"line":4,"column":36},"end":{"line":20,"column":1}}},"1":{"name":"isInSeason","decl":{"start":{"line":26,"column":9},"end":{"line":26,"column":19}},"loc":{"start":{"line":26,"column":56},"end":{"line":38,"column":1}}},"2":{"name":"isCurrentlyOpen","decl":{"start":{"line":44,"column":16},"end":{"line":44,"column":31}},"loc":{"start":{"line":44,"column":54},"end":{"line":134,"column":1}}}},"branchMap":{"0":{"loc":{"start":{"line":19,"column":9},"end":{"line":19,"column":47}},"type":"binary-expr","locations":[{"start":{"line":19,"column":9},"end":{"line":19,"column":39}},{"start":{"line":19,"column":43},"end":{"line":19,"column":47}}]},"1":{"loc":{"start":{"line":29,"column":2},"end":{"line":29,"column":50}},"type":"if","locations":[{"start":{"line":29,"column":2},"end":{"line":29,"column":50}},{"start":{},"end":{}}]},"2":{"loc":{"start":{"line":29,"column":6},"end":{"line":29,"column":36}},"type":"binary-expr","locations":[{"start":{"line":29,"column":6},"end":{"line":29,"column":20}},{"start":{"line":29,"column":24},"end":{"line":29,"column":36}}]},"3":{"loc":{"start":{"line":33,"column":2},"end":{"line":37,"column":3}},"type":"if","locations":[{"start":{"line":33,"column":2},"end":{"line":37,"column":3}},{"start":{"line":35,"column":9},"end":{"line":37,"column":3}}]},"4":{"loc":{"start":{"line":34,"column":11},"end":{"line":34,"column":55}},"type":"binary-expr","locations":[{"start":{"line":34,"column":11},"end":{"line":34,"column":32}},{"start":{"line":34,"column":36},"end":{"line":34,"column":55}}]},"5":{"loc":{"start":{"line":36,"column":11},"end":{"line":36,"column":55}},"type":"binary-expr","locations":[{"start":{"line":36,"column":11},"end":{"line":36,"column":32}},{"start":{"line":36,"column":36},"end":{"line":36,"column":55}}]},"6":{"loc":{"start":{"line":45,"column":2},"end":{"line":45,"column":34}},"type":"if","locations":[{"start":{"line":45,"column":2},"end":{"line":45,"column":34}},{"start":{},"end":{}}]},"7":{"loc":{"start":{"line":48,"column":2},"end":{"line":48,"column":44}},"type":"if","locations":[{"start":{"line":48,"column":2},"end":{"line":48,"column":44}},{"start":{},"end":{}}]},"8":{"loc":{"start":{"line":65,"column":20},"end":{"line":65,"column":56}},"type":"binary-expr","locations":[{"start":{"line":65,"column":20},"end":{"line":65,"column":36}},{"start":{"line":65,"column":40},"end":{"line":65,"column":56}}]},"9":{"loc":{"start":{"line":72,"column":2},"end":{"line":89,"column":3}},"type":"if","locations":[{"start":{"line":72,"column":2},"end":{"line":89,"column":3}},{"start":{},"end":{}}]},"10":{"loc":{"start":{"line":76,"column":4},"end":{"line":78,"column":5}},"type":"if","locations":[{"start":{"line":76,"column":4},"end":{"line":78,"column":5}},{"start":{},"end":{}}]},"11":{"loc":{"start":{"line":88,"column":11},"end":{"line":88,"column":61}},"type":"binary-expr","locations":[{"start":{"line":88,"column":11},"end":{"line":88,"column":35}},{"start":{"line":88,"column":39},"end":{"line":88,"column":61}}]},"12":{"loc":{"start":{"line":95,"column":2},"end":{"line":130,"column":3}},"type":"if","locations":[{"start":{"line":95,"column":2},"end":{"line":130,"column":3}},{"start":{},"end":{}}]},"13":{"loc":{"start":{"line":104,"column":6},"end":{"line":117,"column":41}},"type":"binary-expr","locations":[{"start":{"line":104,"column":6},"end":{"line":104,"column":40}},{"start":{"line":105,"column":6},"end":{"line":105,"column":35}},{"start":{"line":106,"column":6},"end":{"line":106,"column":33}},{"start":{"line":107,"column":7},"end":{"line":107,"column":16}},{"start":{"line":108,"column":9},"end":{"line":108,"column":33}},{"start":{"line":109,"column":10},"end":{"line":109,"column":34}},{"start":{"line":110,"column":10},"end":{"line":110,"column":39}},{"start":{"line":111,"column":7},"end":{"line":111,"column":16}},{"start":{"line":112,"column":9},"end":{"line":112,"column":33}},{"start":{"line":113,"column":10},"end":{"line":113,"column":34}},{"start":{"line":114,"column":10},"end":{"line":114,"column":34}},{"start":{"line":115,"column":10},"end":{"line":115,"column":34}},{"start":{"line":116,"column":10},"end":{"line":116,"column":34}},{"start":{"line":117,"column":10},"end":{"line":117,"column":39}}]},"14":{"loc":{"start":{"line":119,"column":4},"end":{"line":119,"column":36}},"type":"if","locations":[{"start":{"line":119,"column":4},"end":{"line":119,"column":36}},{"start":{},"end":{}}]},"15":{"loc":{"start":{"line":125,"column":4},"end":{"line":127,"column":5}},"type":"if","locations":[{"start":{"line":125,"column":4},"end":{"line":127,"column":5}},{"start":{},"end":{}}]},"16":{"loc":{"start":{"line":126,"column":13},"end":{"line":126,"column":63}},"type":"binary-expr","locations":[{"start":{"line":126,"column":13},"end":{"line":126,"column":37}},{"start":{"line":126,"column":41},"end":{"line":126,"column":63}}]},"17":{"loc":{"start":{"line":129,"column":11},"end":{"line":129,"column":61}},"type":"binary-expr","locations":[{"start":{"line":129,"column":11},"end":{"line":129,"column":35}},{"start":{"line":129,"column":39},"end":{"line":129,"column":61}}]}},"s":{"0":1,"1":6,"2":6,"3":3,"4":3,"5":3,"6":0,"7":3,"8":3,"9":2,"10":1,"11":17,"12":2,"13":15,"14":1,"15":14,"16":14,"17":14,"18":14,"19":14,"20":14,"21":14,"22":14,"23":14,"24":3,"25":3,"26":3,"27":1,"28":2,"29":2,"30":2,"31":2,"32":2,"33":2,"34":2,"35":11,"36":11,"37":11,"38":11,"39":11,"40":11,"41":11,"42":11,"43":11,"44":2,"45":9,"46":9,"47":9,"48":3,"49":6,"50":0},"f":{"0":6,"1":3,"2":17},"b":{"0":[6,0],"1":[0,3],"2":[3,3],"3":[2,1],"4":[2,1],"5":[1,1],"6":[2,15],"7":[1,14],"8":[14,13],"9":[3,11],"10":[1,2],"11":[2,2],"12":[11,0],"13":[11,4,4,4,1,1,1,4,3,1,1,1,1,1],"14":[2,9],"15":[3,6],"16":[3,2],"17":[6,5]}}
}
