TN:
SF:src/hooks/useFavorites.ts
FN:13,getAsyncStorage
FN:16,(anonymous_10)
FN:23,useFavorites
FN:27,(anonymous_12)
FN:28,(anonymous_13)
FN:50,(anonymous_14)
FN:57,(anonymous_15)
FN:62,(anonymous_16)
FN:63,(anonymous_17)
FN:78,(anonymous_18)
FNF:10
FNH:0
FNDA:0,getAsyncStorage
FNDA:0,(anonymous_10)
FNDA:0,useFavorites
FNDA:0,(anonymous_12)
FNDA:0,(anonymous_13)
FNDA:0,(anonymous_14)
FNDA:0,(anonymous_15)
FNDA:0,(anonymous_16)
FNDA:0,(anonymous_17)
FNDA:0,(anonymous_18)
DA:1,0
DA:8,0
DA:11,0
DA:14,0
DA:16,0
DA:17,0
DA:19,0
DA:23,0
DA:24,0
DA:25,0
DA:27,0
DA:28,0
DA:29,0
DA:30,0
DA:31,0
DA:32,0
DA:33,0
DA:34,0
DA:35,0
DA:39,0
DA:42,0
DA:44,0
DA:47,0
DA:50,0
DA:51,0
DA:52,0
DA:53,0
DA:56,0
DA:57,0
DA:61,0
DA:63,0
DA:64,0
DA:65,0
DA:66,0
DA:68,0
DA:70,0
DA:71,0
DA:77,0
DA:78,0
DA:82,0
LF:40
LH:0
BRDA:31,0,0,0
BRDA:31,0,1,0
BRDA:33,1,0,0
BRDA:33,1,1,0
BRDA:52,2,0,0
BRDA:52,2,1,0
BRDA:65,3,0,0
BRDA:65,3,1,0
BRF:8
BRH:0
end_of_record
TN:
SF:src/hooks/useToilets.ts
FN:31,useToilets
FN:53,(anonymous_10)
FN:55,(anonymous_11)
FN:59,(anonymous_12)
FN:64,(anonymous_13)
FN:79,(anonymous_14)
FN:109,(anonymous_15)
FN:113,(anonymous_16)
FN:126,(anonymous_17)
FN:137,(anonymous_18)
FN:171,(anonymous_19)
FN:180,(anonymous_20)
FN:205,getDistanceMeters
FNF:13
FNH:0
FNDA:0,useToilets
FNDA:0,(anonymous_10)
FNDA:0,(anonymous_11)
FNDA:0,(anonymous_12)
FNDA:0,(anonymous_13)
FNDA:0,(anonymous_14)
FNDA:0,(anonymous_15)
FNDA:0,(anonymous_16)
FNDA:0,(anonymous_17)
FNDA:0,(anonymous_18)
FNDA:0,(anonymous_19)
FNDA:0,(anonymous_20)
FNDA:0,getDistanceMeters
DA:1,0
DA:2,0
DA:4,0
DA:31,0
DA:32,0
DA:33,0
DA:34,0
DA:38,0
DA:42,0
DA:48,0
DA:49,0
DA:52,0
DA:54,0
DA:55,0
DA:59,0
DA:64,0
DA:65,0
DA:66,0
DA:68,0
DA:69,0
DA:70,0
DA:72,0
DA:73,0
DA:76,0
DA:79,0
DA:80,0
DA:81,0
DA:82,0
DA:83,0
DA:86,0
DA:87,0
DA:90,0
DA:94,0
DA:98,0
DA:99,0
DA:100,0
DA:101,0
DA:103,0
DA:104,0
DA:105,0
DA:109,0
DA:110,0
DA:113,0
DA:114,0
DA:115,0
DA:116,0
DA:117,0
DA:119,0
DA:125,0
DA:127,0
DA:128,0
DA:129,0
DA:136,0
DA:138,0
DA:139,0
DA:140,0
DA:143,0
DA:152,0
DA:153,0
DA:159,0
DA:160,0
DA:162,0
DA:163,0
DA:166,0
DA:171,0
DA:172,0
DA:173,0
DA:174,0
DA:175,0
DA:176,0
DA:180,0
DA:181,0
DA:182,0
DA:183,0
DA:184,0
DA:188,0
DA:211,0
DA:212,0
DA:213,0
DA:215,0
DA:220,0
DA:221,0
LF:82
LH:0
BRDA:59,0,0,0
BRDA:59,0,1,0
BRDA:59,1,0,0
BRDA:59,1,1,0
BRDA:70,2,0,0
BRDA:70,2,1,0
BRDA:72,3,0,0
BRDA:72,3,1,0
BRDA:82,4,0,0
BRDA:82,4,1,0
BRDA:114,5,0,0
BRDA:114,5,1,0
BRDA:116,6,0,0
BRDA:116,6,1,0
BRDA:152,7,0,0
BRDA:152,7,1,0
BRDA:160,8,0,0
BRDA:160,8,1,0
BRDA:162,9,0,0
BRDA:162,9,1,0
BRDA:173,10,0,0
BRDA:173,10,1,0
BRDA:175,11,0,0
BRDA:175,11,1,0
BRDA:183,12,0,0
BRDA:183,12,1,0
BRF:26
BRH:0
end_of_record
TN:
SF:src/services/overpass.ts
FN:8,getNearbyToilets
FN:16,(anonymous_1)
FN:21,(anonymous_2)
FN:29,getToiletsInBounds
FN:43,(anonymous_4)
FN:49,(anonymous_5)
FN:58,getDistanceMeters
FN:80,formatDistance
FNF:8
FNH:2
FNDA:0,getNearbyToilets
FNDA:0,(anonymous_1)
FNDA:0,(anonymous_2)
FNDA:0,getToiletsInBounds
FNDA:0,(anonymous_4)
FNDA:0,(anonymous_5)
FNDA:2,getDistanceMeters
FNDA:9,formatDistance
DA:2,1
DA:8,1
DA:13,0
DA:15,0
DA:16,0
DA:21,0
DA:29,1
DA:37,0
DA:38,0
DA:39,0
DA:41,0
DA:44,0
DA:49,0
DA:58,1
DA:64,2
DA:65,2
DA:66,2
DA:68,2
DA:73,2
DA:74,2
DA:80,1
DA:81,9
DA:82,3
DA:84,6
LF:24
LH:14
BRDA:11,0,0,0
BRDA:21,1,0,0
BRDA:21,1,1,0
BRDA:21,2,0,0
BRDA:21,2,1,0
BRDA:44,3,0,0
BRDA:44,3,1,0
BRDA:44,3,2,0
BRDA:44,3,3,0
BRDA:81,4,0,3
BRDA:81,4,1,6
BRF:11
BRH:2
end_of_record
TN:
SF:src/services/report.ts
FN:48,generateReportUrl
FN:88,openReport
FN:110,submitReportViaApi
FNF:3
FNH:0
FNDA:0,generateReportUrl
FNDA:0,openReport
FNDA:0,submitReportViaApi
DA:22,0
DA:48,0
DA:49,0
DA:50,0
DA:52,0
DA:54,0
DA:55,0
DA:56,0
DA:57,0
DA:58,0
DA:59,0
DA:60,0
DA:62,0
DA:65,0
DA:67,0
DA:68,0
DA:69,0
DA:70,0
DA:71,0
DA:74,0
DA:76,0
DA:82,0
DA:88,0
DA:89,0
DA:103,0
DA:110,0
DA:114,0
DA:115,0
DA:117,0
DA:119,0
DA:120,0
DA:121,0
DA:122,0
DA:123,0
DA:126,0
DA:127,0
DA:129,0
DA:130,0
DA:144,0
DA:146,0
DA:147,0
DA:149,0
DA:150,0
LF:43
LH:0
BRDA:54,0,0,0
BRDA:54,0,1,0
BRDA:59,1,0,0
BRDA:59,1,1,0
BRDA:65,2,0,0
BRDA:65,2,1,0
BRDA:67,3,0,0
BRDA:67,3,1,0
BRDA:67,4,0,0
BRDA:67,4,1,0
BRDA:69,5,0,0
BRDA:69,5,1,0
BRDA:70,6,0,0
BRDA:70,6,1,0
BRDA:77,7,0,0
BRDA:77,7,1,0
BRDA:91,8,0,0
BRDA:91,8,1,0
BRDA:100,9,0,0
BRDA:100,9,1,0
BRDA:119,10,0,0
BRDA:119,10,1,0
BRDA:138,11,0,0
BRDA:138,11,1,0
BRDA:144,12,0,0
BRDA:144,12,1,0
BRF:26
BRH:0
end_of_record
TN:
SF:src/types/toilet.ts
FNF:0
FNH:0
DA:17,1
DA:25,1
DA:33,1
LF:3
LH:3
BRF:0
BRH:0
end_of_record
TN:
SF:src/utils/opening-hours.ts
FN:4,parseMonth
FN:42,isInSeason
FN:60,parseDayRange
FN:122,isCurrentlyOpen
FNF:4
FNH:4
FNDA:6,parseMonth
FNDA:3,isInSeason
FNDA:14,parseDayRange
FNDA:20,isCurrentlyOpen
DA:5,6
DA:35,6
DA:43,3
DA:44,3
DA:45,3
DA:47,3
DA:49,3
DA:50,2
DA:52,1
DA:61,14
DA:71,14
DA:72,14
DA:75,14
DA:76,0
DA:78,14
DA:79,0
DA:81,14
DA:82,0
DA:86,14
DA:87,14
DA:88,14
DA:89,14
DA:90,14
DA:91,14
DA:93,14
DA:94,14
DA:96,39
DA:99,2
DA:100,2
DA:102,14
DA:107,0
DA:109,0
DA:110,0
DA:111,0
DA:115,0
DA:122,1
DA:123,20
DA:126,18
DA:128,17
DA:129,17
DA:130,17
DA:133,17
DA:136,17
DA:137,3
DA:138,3
DA:140,3
DA:141,1
DA:145,2
DA:146,2
DA:147,2
DA:148,2
DA:150,2
DA:151,2
DA:152,2
DA:156,14
DA:160,14
DA:161,14
DA:162,14
DA:163,14
DA:164,14
DA:165,14
DA:167,14
DA:168,14
DA:169,14
DA:172,14
DA:175,14
DA:177,10
DA:180,5
DA:181,4
DA:185,5
DA:186,3
DA:195,7
DA:196,2
DA:201,2
DA:202,1
DA:203,1
DA:207,1
DA:208,0
DA:213,7
DA:217,0
DA:221,0
DA:222,0
DA:223,0
DA:224,0
DA:225,0
DA:227,0
DA:228,0
DA:230,0
DA:231,0
DA:233,0
DA:237,0
LF:91
LH:70
BRDA:35,0,0,6
BRDA:35,0,1,0
BRDA:45,1,0,0
BRDA:45,1,1,3
BRDA:45,2,0,3
BRDA:45,2,1,3
BRDA:49,3,0,2
BRDA:49,3,1,1
BRDA:50,4,0,2
BRDA:50,4,1,1
BRDA:52,5,0,1
BRDA:52,5,1,1
BRDA:75,6,0,0
BRDA:75,6,1,14
BRDA:75,7,0,14
BRDA:75,7,1,14
BRDA:78,8,0,0
BRDA:78,8,1,14
BRDA:81,9,0,0
BRDA:81,9,1,14
BRDA:87,10,0,14
BRDA:87,10,1,0
BRDA:93,11,0,14
BRDA:93,11,1,0
BRDA:93,12,0,14
BRDA:93,12,1,14
BRDA:94,13,0,12
BRDA:94,13,1,2
BRDA:110,14,0,0
BRDA:110,14,1,0
BRDA:123,15,0,2
BRDA:123,15,1,18
BRDA:126,16,0,1
BRDA:126,16,1,17
BRDA:136,17,0,3
BRDA:136,17,1,14
BRDA:140,18,0,1
BRDA:140,18,1,2
BRDA:152,19,0,2
BRDA:152,19,1,2
BRDA:160,20,0,14
BRDA:160,20,1,0
BRDA:175,21,0,10
BRDA:175,21,1,4
BRDA:177,22,0,5
BRDA:177,22,1,5
BRDA:180,23,0,4
BRDA:180,23,1,1
BRDA:180,24,0,5
BRDA:180,24,1,3
BRDA:185,25,0,3
BRDA:185,25,1,2
BRDA:185,26,0,5
BRDA:185,26,1,4
BRDA:195,27,0,2
BRDA:195,27,1,5
BRDA:195,28,0,7
BRDA:195,28,1,3
BRDA:196,29,0,1
BRDA:196,29,1,1
BRDA:201,30,0,1
BRDA:201,30,1,1
BRDA:207,31,0,0
BRDA:207,31,1,1
BRDA:207,32,0,1
BRDA:207,32,1,1
BRDA:221,33,0,0
BRDA:221,33,1,0
BRDA:230,34,0,0
BRDA:230,34,1,0
BRDA:231,35,0,0
BRDA:231,35,1,0
BRDA:233,36,0,0
BRDA:233,36,1,0
BRF:74
BRH:55
end_of_record
