TN:
SF:src/hooks/useFavorites.ts
FN:13,getAsyncStorage
FN:16,(anonymous_10)
FN:23,useFavorites
FN:27,(anonymous_12)
FN:28,(anonymous_13)
FN:50,(anonymous_14)
FN:57,(anonymous_15)
FN:62,(anonymous_16)
FN:63,(anonymous_17)
FN:78,(anonymous_18)
FNF:10
FNH:0
FNDA:0,getAsyncStorage
FNDA:0,(anonymous_10)
FNDA:0,useFavorites
FNDA:0,(anonymous_12)
FNDA:0,(anonymous_13)
FNDA:0,(anonymous_14)
FNDA:0,(anonymous_15)
FNDA:0,(anonymous_16)
FNDA:0,(anonymous_17)
FNDA:0,(anonymous_18)
DA:1,0
DA:8,0
DA:11,0
DA:14,0
DA:16,0
DA:17,0
DA:19,0
DA:23,0
DA:24,0
DA:25,0
DA:27,0
DA:28,0
DA:29,0
DA:30,0
DA:31,0
DA:32,0
DA:33,0
DA:34,0
DA:35,0
DA:39,0
DA:42,0
DA:44,0
DA:47,0
DA:50,0
DA:51,0
DA:52,0
DA:53,0
DA:56,0
DA:57,0
DA:61,0
DA:63,0
DA:64,0
DA:65,0
DA:66,0
DA:68,0
DA:70,0
DA:71,0
DA:77,0
DA:78,0
DA:82,0
LF:40
LH:0
BRDA:31,0,0,0
BRDA:31,0,1,0
BRDA:33,1,0,0
BRDA:33,1,1,0
BRDA:52,2,0,0
BRDA:52,2,1,0
BRDA:65,3,0,0
BRDA:65,3,1,0
BRF:8
BRH:0
end_of_record
TN:
SF:src/hooks/useToilets.ts
FN:31,useToilets
FN:53,(anonymous_10)
FN:55,(anonymous_11)
FN:59,(anonymous_12)
FN:64,(anonymous_13)
FN:79,(anonymous_14)
FN:109,(anonymous_15)
FN:113,(anonymous_16)
FN:126,(anonymous_17)
FN:137,(anonymous_18)
FN:171,(anonymous_19)
FN:180,(anonymous_20)
FN:205,getDistanceMeters
FNF:13
FNH:0
FNDA:0,useToilets
FNDA:0,(anonymous_10)
FNDA:0,(anonymous_11)
FNDA:0,(anonymous_12)
FNDA:0,(anonymous_13)
FNDA:0,(anonymous_14)
FNDA:0,(anonymous_15)
FNDA:0,(anonymous_16)
FNDA:0,(anonymous_17)
FNDA:0,(anonymous_18)
FNDA:0,(anonymous_19)
FNDA:0,(anonymous_20)
FNDA:0,getDistanceMeters
DA:1,0
DA:2,0
DA:4,0
DA:31,0
DA:32,0
DA:33,0
DA:34,0
DA:38,0
DA:42,0
DA:48,0
DA:49,0
DA:52,0
DA:54,0
DA:55,0
DA:59,0
DA:64,0
DA:65,0
DA:66,0
DA:68,0
DA:69,0
DA:70,0
DA:72,0
DA:73,0
DA:76,0
DA:79,0
DA:80,0
DA:81,0
DA:82,0
DA:83,0
DA:86,0
DA:87,0
DA:90,0
DA:94,0
DA:98,0
DA:99,0
DA:100,0
DA:101,0
DA:103,0
DA:104,0
DA:105,0
DA:109,0
DA:110,0
DA:113,0
DA:114,0
DA:115,0
DA:116,0
DA:117,0
DA:119,0
DA:125,0
DA:127,0
DA:128,0
DA:129,0
DA:136,0
DA:138,0
DA:139,0
DA:140,0
DA:143,0
DA:152,0
DA:153,0
DA:159,0
DA:160,0
DA:162,0
DA:163,0
DA:166,0
DA:171,0
DA:172,0
DA:173,0
DA:174,0
DA:175,0
DA:176,0
DA:180,0
DA:181,0
DA:182,0
DA:183,0
DA:184,0
DA:188,0
DA:211,0
DA:212,0
DA:213,0
DA:215,0
DA:220,0
DA:221,0
LF:82
LH:0
BRDA:59,0,0,0
BRDA:59,0,1,0
BRDA:59,1,0,0
BRDA:59,1,1,0
BRDA:70,2,0,0
BRDA:70,2,1,0
BRDA:72,3,0,0
BRDA:72,3,1,0
BRDA:82,4,0,0
BRDA:82,4,1,0
BRDA:114,5,0,0
BRDA:114,5,1,0
BRDA:116,6,0,0
BRDA:116,6,1,0
BRDA:152,7,0,0
BRDA:152,7,1,0
BRDA:160,8,0,0
BRDA:160,8,1,0
BRDA:162,9,0,0
BRDA:162,9,1,0
BRDA:173,10,0,0
BRDA:173,10,1,0
BRDA:175,11,0,0
BRDA:175,11,1,0
BRDA:183,12,0,0
BRDA:183,12,1,0
BRF:26
BRH:0
end_of_record
TN:
SF:src/services/overpass.ts
FN:8,getNearbyToilets
FN:16,(anonymous_1)
FN:21,(anonymous_2)
FN:29,getToiletsInBounds
FN:43,(anonymous_4)
FN:49,(anonymous_5)
FN:58,getDistanceMeters
FN:80,formatDistance
FNF:8
FNH:2
FNDA:0,getNearbyToilets
FNDA:0,(anonymous_1)
FNDA:0,(anonymous_2)
FNDA:0,getToiletsInBounds
FNDA:0,(anonymous_4)
FNDA:0,(anonymous_5)
FNDA:2,getDistanceMeters
FNDA:9,formatDistance
DA:2,1
DA:8,1
DA:13,0
DA:15,0
DA:16,0
DA:21,0
DA:29,1
DA:37,0
DA:38,0
DA:39,0
DA:41,0
DA:44,0
DA:49,0
DA:58,1
DA:64,2
DA:65,2
DA:66,2
DA:68,2
DA:73,2
DA:74,2
DA:80,1
DA:81,9
DA:82,3
DA:84,6
LF:24
LH:14
BRDA:11,0,0,0
BRDA:21,1,0,0
BRDA:21,1,1,0
BRDA:21,2,0,0
BRDA:21,2,1,0
BRDA:44,3,0,0
BRDA:44,3,1,0
BRDA:44,3,2,0
BRDA:44,3,3,0
BRDA:81,4,0,3
BRDA:81,4,1,6
BRF:11
BRH:2
end_of_record
TN:
SF:src/services/report.ts
FN:17,(anonymous_0)
FN:26,(anonymous_1)
FN:35,(anonymous_2)
FN:57,(anonymous_3)
FN:68,buildBody
FN:84,(anonymous_5)
FN:87,openReport
FNF:7
FNH:0
FNDA:0,(anonymous_0)
FNDA:0,(anonymous_1)
FNDA:0,(anonymous_2)
FNDA:0,(anonymous_3)
FNDA:0,buildBody
FNDA:0,(anonymous_5)
FNDA:0,openReport
DA:1,0
DA:4,0
DA:5,0
DA:9,0
DA:16,0
DA:17,0
DA:26,0
DA:35,0
DA:57,0
DA:69,0
DA:71,0
DA:84,0
DA:87,0
DA:88,0
DA:89,0
DA:91,0
DA:97,0
LF:17
LH:0
BRDA:18,0,0,0
BRDA:18,0,1,0
BRDA:18,1,0,0
BRDA:18,1,1,0
BRDA:27,2,0,0
BRDA:27,2,1,0
BRDA:27,3,0,0
BRDA:27,3,1,0
BRDA:58,4,0,0
BRDA:58,4,1,0
BRDA:58,5,0,0
BRDA:58,5,1,0
BRDA:69,6,0,0
BRDA:69,6,1,0
BRDA:74,7,0,0
BRDA:74,7,1,0
BRDA:78,8,0,0
BRDA:78,8,1,0
BRDA:79,9,0,0
BRDA:79,9,1,0
BRF:20
BRH:0
end_of_record
TN:
SF:src/types/toilet.ts
FNF:0
FNH:0
DA:17,1
DA:25,1
DA:33,1
LF:3
LH:3
BRF:0
BRH:0
end_of_record
TN:
SF:src/utils/opening-hours.ts
FN:4,parseMonth
FN:26,isInSeason
FN:44,isCurrentlyOpen
FNF:3
FNH:3
FNDA:6,parseMonth
FNDA:3,isInSeason
FNDA:17,isCurrentlyOpen
DA:5,6
DA:19,6
DA:27,3
DA:28,3
DA:29,3
DA:31,3
DA:33,3
DA:34,2
DA:36,1
DA:44,1
DA:45,17
DA:48,15
DA:50,14
DA:51,14
DA:52,14
DA:55,14
DA:64,14
DA:65,14
DA:66,14
DA:69,14
DA:72,14
DA:73,3
DA:74,3
DA:76,3
DA:77,1
DA:81,2
DA:82,2
DA:83,2
DA:84,2
DA:86,2
DA:87,2
DA:88,2
DA:92,11
DA:95,11
DA:96,11
DA:97,11
DA:98,11
DA:99,11
DA:102,11
DA:104,11
DA:119,11
DA:121,9
DA:122,9
DA:125,9
DA:126,3
DA:129,6
DA:133,0
LF:47
LH:46
BRDA:19,0,0,6
BRDA:19,0,1,0
BRDA:29,1,0,0
BRDA:29,1,1,3
BRDA:29,2,0,3
BRDA:29,2,1,3
BRDA:33,3,0,2
BRDA:33,3,1,1
BRDA:34,4,0,2
BRDA:34,4,1,1
BRDA:36,5,0,1
BRDA:36,5,1,1
BRDA:45,6,0,2
BRDA:45,6,1,15
BRDA:48,7,0,1
BRDA:48,7,1,14
BRDA:65,8,0,14
BRDA:65,8,1,13
BRDA:72,9,0,3
BRDA:72,9,1,11
BRDA:76,10,0,1
BRDA:76,10,1,2
BRDA:88,11,0,2
BRDA:88,11,1,2
BRDA:95,12,0,11
BRDA:95,12,1,0
BRDA:104,13,0,11
BRDA:104,13,1,4
BRDA:104,13,2,4
BRDA:104,13,3,4
BRDA:104,13,4,1
BRDA:104,13,5,1
BRDA:104,13,6,1
BRDA:104,13,7,4
BRDA:104,13,8,3
BRDA:104,13,9,1
BRDA:104,13,10,1
BRDA:104,13,11,1
BRDA:104,13,12,1
BRDA:104,13,13,1
BRDA:119,14,0,2
BRDA:119,14,1,9
BRDA:125,15,0,3
BRDA:125,15,1,6
BRDA:126,16,0,3
BRDA:126,16,1,2
BRDA:129,17,0,6
BRDA:129,17,1,5
BRF:48
BRH:45
end_of_record
